[0.011s] Invoking command in '/home/yannis/tether_control_ws/src/tether_control/build/tether_control': CMAKE_PREFIX_PATH=${CMAKE_PREFIX_PATH}:/opt/ros/humble /usr/bin/cmake /home/yannis/tether_control_ws/src/tether_control -DCMAKE_INSTALL_PREFIX=/home/yannis/tether_control_ws/src/tether_control/install/tether_control
[0.076s] -- The C compiler identification is GNU 11.4.0
[0.140s] -- The CXX compiler identification is GNU 11.4.0
[0.148s] -- Detecting C compiler ABI info
[0.219s] -- Detecting C compiler ABI info - done
[0.231s] -- Check for working C compiler: /usr/bin/cc - skipped
[0.231s] -- Detecting C compile features
[0.231s] -- Detecting C compile features - done
[0.237s] -- Detecting CXX compiler ABI info
[0.321s] -- Detecting CXX compiler ABI info - done
[0.332s] -- Check for working CXX compiler: /usr/bin/c++ - skipped
[0.332s] -- Detecting CXX compile features
[0.334s] -- Detecting CXX compile features - done
[0.345s] -- Looking for ignition-plugin1 -- found version 1.4.0
[0.345s] -- Searching for dependencies of ignition-plugin1
[0.346s] -- Searching for <ignition-plugin1> component [register]
[0.348s] -- Looking for ignition-plugin1-register -- found version 1.4.0
[0.348s] -- Searching for dependencies of ignition-plugin1-register
[0.351s] -- Looking for ignition-gazebo6 -- found version 6.17.0
[0.351s] -- Searching for dependencies of ignition-gazebo6
[0.353s] -- Looking for sdformat12 -- found version 12.8.0
[0.354s] -- Searching for dependencies of sdformat12
[0.359s] -- Checking for module 'tinyxml2'
[0.369s] --   Found tinyxml2, version 9.0.0
[0.400s] -- Looking for ignition-math6 -- found version 6.15.1
[0.401s] -- Searching for dependencies of ignition-math6
[0.403s] -- Looking for ignition-utils1 -- found version 1.5.1
[0.404s] -- Searching for dependencies of ignition-utils1
[0.405s] -- Looking for ignition-plugin1 -- found version 1.4.0
[0.406s] -- Searching for dependencies of ignition-plugin1
[0.406s] -- Searching for <ignition-plugin1> component [loader]
[0.410s] -- Looking for ignition-plugin1-loader -- found version 1.4.0
[0.410s] -- Searching for dependencies of ignition-plugin1-loader
[0.410s] -- Searching for <ignition-plugin1> component [register]
[0.414s] -- Looking for ignition-transport11 -- found version 11.4.1
[0.415s] -- Searching for dependencies of ignition-transport11
[0.611s] -- Found Protobuf: /usr/lib/x86_64-linux-gnu/libprotobuf.so (found version "3.12.4") 
[0.629s] -- Config-file not installed for ZeroMQ -- checking for pkg-config
[0.634s] -- Checking for module 'libzmq >= 4'
[0.647s] --   Found libzmq , version 4.3.4
[0.680s] -- Found ZeroMQ: TRUE (Required is at least version "4") 
[0.686s] -- Checking for module 'uuid'
[0.697s] --   Found uuid, version 2.37.2
[0.733s] -- Found UUID: TRUE  
[0.734s] -- Looking for ignition-utils1 -- found version 1.5.1
[0.735s] -- Searching for dependencies of ignition-utils1
[0.735s] -- Searching for <ignition-utils1> component [cli]
[0.738s] -- Looking for ignition-utils1-cli -- found version 1.5.1
[0.739s] -- Searching for dependencies of ignition-utils1-cli
[0.742s] -- Looking for ignition-msgs8 -- found version 8.7.0
[0.742s] -- Searching for dependencies of ignition-msgs8
[0.763s] -- Found Protobuf: /usr/lib/x86_64-linux-gnu/libprotobuf.so (found suitable version "3.12.4", minimum required is "3") 
[0.764s] -- Looking for ignition-math6 -- found version 6.15.1
[0.775s] -- Searching for <ignition-transport11> component [log]
[0.778s] -- Looking for ignition-transport11-log -- found version 11.4.1
[0.778s] -- Searching for dependencies of ignition-transport11-log
[0.779s] -- Searching for <ignition-transport11> component [parameters]
[0.781s] -- Looking for ignition-transport11-parameters -- found version 11.4.1
[0.781s] -- Searching for dependencies of ignition-transport11-parameters
[0.782s] -- Looking for ignition-msgs8 -- found version 8.7.0
[0.784s] -- Looking for ignition-common4 -- found version 4.7.0
[0.785s] -- Searching for dependencies of ignition-common4
[0.785s] -- Looking for dlfcn.h - found
[0.786s] -- Looking for libdl - found
[0.787s] -- Found DL: TRUE  
[0.795s] -- Searching for <ignition-common4> component [profiler]
[0.797s] -- Looking for ignition-common4-profiler -- found version 4.7.0
[0.798s] -- Searching for dependencies of ignition-common4-profiler
[0.798s] -- Searching for <ignition-common4> component [events]
[0.800s] -- Looking for ignition-common4-events -- found version 4.7.0
[0.801s] -- Searching for dependencies of ignition-common4-events
[0.801s] -- Looking for ignition-math6 -- found version 6.15.1
[0.802s] -- Searching for <ignition-common4> component [av]
[0.804s] -- Looking for ignition-common4-av -- found version 4.7.0
[0.804s] -- Searching for dependencies of ignition-common4-av
[0.810s] -- Checking for module 'libswscale'
[0.827s] --   Found libswscale, version 5.9.100
[0.874s] -- Found SWSCALE: TRUE  
[0.882s] -- Checking for module 'libavdevice >= 56.4.100'
[0.894s] --   Found libavdevice , version 58.13.100
[0.933s] -- Found AVDEVICE: TRUE (Required is at least version "56.4.100") 
[0.939s] -- Checking for module 'libavformat'
[0.951s] --   Found libavformat, version 58.76.100
[0.985s] -- Found AVFORMAT: TRUE  
[0.989s] -- Checking for module 'libavcodec'
[1.002s] --   Found libavcodec, version 58.134.100
[1.043s] -- Found AVCODEC: TRUE  
[1.047s] -- Checking for module 'libavutil'
[1.058s] --   Found libavutil, version 56.70.100
[1.090s] -- Found AVUTIL: TRUE  
[1.093s] -- Looking for ignition-fuel_tools7 -- found version 7.3.1
[1.093s] -- Searching for dependencies of ignition-fuel_tools7
[1.176s] -- Found CURL: /usr/lib/x86_64-linux-gnu/libcurl.so (found version "7.81.0")  
[1.184s] -- Checking for module 'jsoncpp'
[1.195s] --   Found jsoncpp, version 1.9.5
[1.231s] -- Found JSONCPP: TRUE  
[1.239s] -- Checking for module 'libzip'
[1.251s] --   Found libzip, version 1.7.3
[1.282s] -- Found ZIP: TRUE  
[1.282s] -- Looking for ignition-common4 -- found version 4.7.0
[1.283s] -- Looking for ignition-math6 -- found version 6.15.1
[1.283s] -- Looking for ignition-msgs8 -- found version 8.7.0
[1.286s] -- Looking for ignition-gui6 -- found version 6.8.0
[1.286s] -- Searching for dependencies of ignition-gui6
[1.316s] -- Looking for ignition-math6 -- found version 6.15.1
[1.317s] -- Looking for ignition-common4 -- found version 4.7.0
[1.317s] -- Looking for ignition-plugin1 -- found version 1.4.0
[1.318s] -- Looking for ignition-transport11 -- found version 11.4.1
[1.321s] -- Looking for ignition-rendering6 -- found version 6.6.3
[1.321s] -- Searching for dependencies of ignition-rendering6
[1.322s] -- Looking for ignition-math6 -- found version 6.15.1
[1.323s] -- Searching for dependencies of ignition-math6
[1.323s] -- Searching for <ignition-math6> component [eigen3]
[1.326s] -- Looking for ignition-math6-eigen3 -- found version 6.15.1
[1.327s] -- Searching for dependencies of ignition-math6-eigen3
[1.337s] -- Looking for ignition-common4 -- found version 4.7.0
[1.337s] -- Searching for dependencies of ignition-common4
[1.338s] -- Looking for dlfcn.h - found
[1.338s] -- Looking for libdl - found
[1.348s] -- Searching for <ignition-common4> component [graphics]
[1.350s] -- Looking for ignition-common4-graphics -- found version 4.7.0
[1.350s] -- Searching for dependencies of ignition-common4-graphics
[1.350s] -- Looking for ignition-math6 -- found version 6.15.1
[1.351s] -- Looking for ignition-utils1 -- found version 1.5.1
[1.351s] -- Searching for <ignition-common4> component [events]
[1.352s] -- Looking for ignition-plugin1 -- found version 1.4.0
[1.353s] -- Searching for dependencies of ignition-plugin1
[1.353s] -- Searching for <ignition-plugin1> component [all]
[1.355s] -- Looking for all libraries of ignition-plugin1 -- found version 1.4.0
[1.356s] -- Looking for ignition-plugin1 -- found version 1.4.0
[1.358s] -- Looking for ignition-msgs8 -- found version 8.7.0
[1.380s] -- Looking for ignition-physics5 -- found version 5.3.2
[1.380s] -- Searching for dependencies of ignition-physics5
[1.381s] -- Looking for ignition-math6 -- found version 6.15.1
[1.381s] -- Looking for ignition-plugin1 -- found version 1.4.0
[1.382s] -- Looking for ignition-utils1 -- found version 1.5.1
[1.383s] -- Searching for <ignition-physics5> component [heightmap]
[1.385s] -- Looking for ignition-physics5-heightmap -- found version 5.3.2
[1.385s] -- Searching for dependencies of ignition-physics5-heightmap
[1.385s] -- Looking for ignition-common4 -- found version 4.7.0
[1.386s] -- Searching for <ignition-physics5> component [mesh]
[1.388s] -- Looking for ignition-physics5-mesh -- found version 5.3.2
[1.388s] -- Searching for dependencies of ignition-physics5-mesh
[1.389s] -- Looking for ignition-common4 -- found version 4.7.0
[1.389s] -- Searching for <ignition-physics5> component [sdf]
[1.391s] -- Looking for ignition-physics5-sdf -- found version 5.3.2
[1.392s] -- Searching for dependencies of ignition-physics5-sdf
[1.392s] -- Looking for sdformat12 -- found version 12.8.0
[1.395s] -- Looking for ignition-sensors6 -- found version 6.8.1
[1.395s] -- Searching for dependencies of ignition-sensors6
[1.416s] -- Found Protobuf: /usr/lib/x86_64-linux-gnu/libprotobuf.so (found version "3.12.4") 
[1.418s] -- Looking for ignition-math6 -- found version 6.15.1
[1.418s] -- Looking for ignition-common4 -- found version 4.7.0
[1.419s] -- Looking for ignition-transport11 -- found version 11.4.1
[1.419s] -- Looking for ignition-rendering6 -- found version 6.6.3
[1.420s] -- Looking for ignition-msgs8 -- found version 8.7.0
[1.421s] -- Looking for sdformat12 -- found version 12.8.0
[1.422s] -- Searching for <ignition-sensors6> component [air_pressure]
[1.425s] -- Looking for ignition-sensors6-air_pressure -- found version 6.8.1
[1.426s] -- Searching for dependencies of ignition-sensors6-air_pressure
[1.426s] -- Searching for <ignition-sensors6> component [altimeter]
[1.429s] -- Looking for ignition-sensors6-altimeter -- found version 6.8.1
[1.429s] -- Searching for dependencies of ignition-sensors6-altimeter
[1.430s] -- Searching for <ignition-sensors6> component [imu]
[1.432s] -- Looking for ignition-sensors6-imu -- found version 6.8.1
[1.433s] -- Searching for dependencies of ignition-sensors6-imu
[1.434s] -- Searching for <ignition-sensors6> component [force_torque]
[1.437s] -- Looking for ignition-sensors6-force_torque -- found version 6.8.1
[1.437s] -- Searching for dependencies of ignition-sensors6-force_torque
[1.438s] -- Searching for <ignition-sensors6> component [logical_camera]
[1.441s] -- Looking for ignition-sensors6-logical_camera -- found version 6.8.1
[1.442s] -- Searching for dependencies of ignition-sensors6-logical_camera
[1.442s] -- Searching for <ignition-sensors6> component [magnetometer]
[1.444s] -- Looking for ignition-sensors6-magnetometer -- found version 6.8.1
[1.445s] -- Searching for dependencies of ignition-sensors6-magnetometer
[1.445s] -- Searching for <ignition-sensors6> component [navsat]
[1.447s] -- Looking for ignition-sensors6-navsat -- found version 6.8.1
[1.448s] -- Searching for dependencies of ignition-sensors6-navsat
[1.448s] -- Searching for <ignition-sensors6> component [rendering]
[1.450s] -- Looking for ignition-sensors6-rendering -- found version 6.8.1
[1.451s] -- Searching for dependencies of ignition-sensors6-rendering
[1.451s] -- Searching for <ignition-sensors6> component [lidar]
[1.453s] -- Looking for ignition-sensors6-lidar -- found version 6.8.1
[1.454s] -- Searching for dependencies of ignition-sensors6-lidar
[1.454s] -- Looking for ignition-sensors6 -- found version 6.8.1
[1.454s] -- Searching for <ignition-sensors6> component [gpu_lidar]
[1.457s] -- Looking for ignition-sensors6-gpu_lidar -- found version 6.8.1
[1.457s] -- Searching for dependencies of ignition-sensors6-gpu_lidar
[1.457s] -- Looking for ignition-sensors6 -- found version 6.8.1
[1.458s] -- Searching for <ignition-sensors6> component [camera]
[1.460s] -- Looking for ignition-sensors6-camera -- found version 6.8.1
[1.460s] -- Searching for dependencies of ignition-sensors6-camera
[1.461s] -- Looking for ignition-sensors6 -- found version 6.8.1
[1.461s] -- Searching for <ignition-sensors6> component [boundingbox_camera]
[1.463s] -- Looking for ignition-sensors6-boundingbox_camera -- found version 6.8.1
[1.464s] -- Searching for dependencies of ignition-sensors6-boundingbox_camera
[1.464s] -- Searching for <ignition-sensors6> component [segmentation_camera]
[1.466s] -- Looking for ignition-sensors6-segmentation_camera -- found version 6.8.1
[1.466s] -- Searching for dependencies of ignition-sensors6-segmentation_camera
[1.467s] -- Searching for <ignition-sensors6> component [depth_camera]
[1.470s] -- Looking for ignition-sensors6-depth_camera -- found version 6.8.1
[1.471s] -- Searching for dependencies of ignition-sensors6-depth_camera
[1.472s] -- Looking for ignition-sensors6 -- found version 6.8.1
[1.472s] -- Searching for <ignition-sensors6> component [rgbd_camera]
[1.475s] -- Looking for ignition-sensors6-rgbd_camera -- found version 6.8.1
[1.475s] -- Searching for dependencies of ignition-sensors6-rgbd_camera
[1.476s] -- Looking for ignition-sensors6 -- found version 6.8.1
[1.476s] -- Searching for <ignition-sensors6> component [thermal_camera]
[1.478s] -- Looking for ignition-sensors6-thermal_camera -- found version 6.8.1
[1.479s] -- Searching for dependencies of ignition-sensors6-thermal_camera
[1.479s] -- Looking for ignition-sensors6 -- found version 6.8.1
[1.480s] -- Looking for ignition-rendering6 -- found version 6.6.3
[1.480s] -- Looking for ignition-math6 -- found version 6.15.1
[1.483s] -- Looking for ignition-utils1 -- found version 1.5.1
[1.504s] -- Found ament_cmake: 1.3.11 (/opt/ros/humble/share/ament_cmake/cmake)
[1.960s] -- Found Python3: /usr/bin/python3 (found version "3.10.12") found components: Interpreter 
[2.063s] -- Found ament_lint_auto: 0.12.11 (/opt/ros/humble/share/ament_lint_auto/cmake)
[2.163s] -- Added test 'cppcheck' to perform static code analysis on C / C++ code
[2.163s] -- Configured cppcheck include dirs: 
[2.163s] -- Configured cppcheck exclude dirs and/or files: 
[2.165s] -- Added test 'flake8' to check Python code syntax and style conventions
[2.167s] -- Added test 'lint_cmake' to check CMake code style
[2.170s] -- Added test 'pep257' to check Python code against some of the docstring style conventions in PEP 257
[2.179s] -- Added test 'uncrustify' to check C / C++ code style
[2.179s] -- Configured uncrustify additional arguments: 
[2.180s] -- Added test 'xmllint' to check XML markup files
[2.181s] -- Configuring done
[2.191s] -- Generating done
[2.195s] -- Build files have been written to: /home/yannis/tether_control_ws/src/tether_control/build/tether_control
[2.205s] Invoked command in '/home/yannis/tether_control_ws/src/tether_control/build/tether_control' returned '0': CMAKE_PREFIX_PATH=${CMAKE_PREFIX_PATH}:/opt/ros/humble /usr/bin/cmake /home/yannis/tether_control_ws/src/tether_control -DCMAKE_INSTALL_PREFIX=/home/yannis/tether_control_ws/src/tether_control/install/tether_control
[2.207s] Invoking command in '/home/yannis/tether_control_ws/src/tether_control/build/tether_control': CMAKE_PREFIX_PATH=${CMAKE_PREFIX_PATH}:/opt/ros/humble /usr/bin/cmake --build /home/yannis/tether_control_ws/src/tether_control/build/tether_control -- -j8 -l8
[2.266s] [ 50%] [32mBuilding CXX object CMakeFiles/tether_control.dir/CommandActor.cc.o[0m
[2.273s] gmake[2]: *** [CMakeFiles/tether_control.dir/build.make:76: CMakeFiles/tether_control.dir/CommandActor.cc.o] Interrupt
[2.273s] gmake[1]: *** [CMakeFiles/Makefile2:85: CMakeFiles/tether_control.dir/all] Interrupt
[2.273s] gmake: *** [Makefile:146: all] Interrupt
[2.274s] Invoked command in '/home/yannis/tether_control_ws/src/tether_control/build/tether_control' returned '-2': CMAKE_PREFIX_PATH=${CMAKE_PREFIX_PATH}:/opt/ros/humble /usr/bin/cmake --build /home/yannis/tether_control_ws/src/tether_control/build/tether_control -- -j8 -l8
